<?xml version="1.0" encoding="utf-8"?>
<coverage line-rate="0.6373" branch-rate="0.6677" version="1.9" timestamp="1778250192" lines-covered="666" lines-valid="1045" branches-covered="203" branches-valid="304">
  <sources>
    <source>/mnt/hd-ops/Projetos/ai-engineer-coding-challenge/backend/src/Api/</source>
  </sources>
  <packages>
    <package name="GroceryStore.Chatbot.Api" line-rate="0.6373" branch-rate="0.6677" complexity="381">
      <classes>
        <class name="Program/&lt;&lt;Main&gt;$&gt;d__0" filename="Program.cs" line-rate="0" branch-rate="0" complexity="18">
          <methods>
            <method name="MoveNext" signature="()" line-rate="0" branch-rate="0" complexity="18">
              <lines>
                <line number="15" hits="0" branch="False" />
                <line number="17" hits="0" branch="False" />
                <line number="19" hits="0" branch="False" />
                <line number="20" hits="0" branch="False" />
                <line number="21" hits="0" branch="False" />
                <line number="22" hits="0" branch="False" />
                <line number="23" hits="0" branch="False" />
                <line number="24" hits="0" branch="False" />
                <line number="25" hits="0" branch="False" />
                <line number="26" hits="0" branch="False" />
                <line number="27" hits="0" branch="False" />
                <line number="28" hits="0" branch="False" />
                <line number="29" hits="0" branch="False" />
                <line number="31" hits="0" branch="True" condition-coverage="0% (0/2)">
                  <conditions>
                    <condition number="157" type="jump" coverage="0%" />
                  </conditions>
                </line>
                <line number="32" hits="0" branch="False" />
                <line number="34" hits="0" branch="False" />
                <line number="35" hits="0" branch="False" />
                <line number="36" hits="0" branch="False" />
                <line number="37" hits="0" branch="False" />
                <line number="38" hits="0" branch="False" />
                <line number="39" hits="0" branch="False" />
                <line number="40" hits="0" branch="False" />
                <line number="41" hits="0" branch="False" />
                <line number="42" hits="0" branch="False" />
                <line number="43" hits="0" branch="False" />
                <line number="44" hits="0" branch="False" />
                <line number="45" hits="0" branch="False" />
                <line number="46" hits="0" branch="False" />
                <line number="47" hits="0" branch="False" />
                <line number="48" hits="0" branch="False" />
                <line number="49" hits="0" branch="False" />
                <line number="50" hits="0" branch="False" />
                <line number="51" hits="0" branch="False" />
                <line number="52" hits="0" branch="False" />
                <line number="53" hits="0" branch="False" />
                <line number="54" hits="0" branch="False" />
                <line number="55" hits="0" branch="False" />
                <line number="56" hits="0" branch="False" />
                <line number="57" hits="0" branch="False" />
                <line number="58" hits="0" branch="False" />
                <line number="59" hits="0" branch="False" />
                <line number="60" hits="0" branch="True" condition-coverage="0% (0/2)">
                  <conditions>
                    <condition number="14" type="jump" coverage="0%" />
                  </conditions>
                </line>
                <line number="61" hits="0" branch="False" />
                <line number="62" hits="0" branch="False" />
                <line number="63" hits="0" branch="False" />
                <line number="64" hits="0" branch="False" />
                <line number="65" hits="0" branch="False" />
                <line number="66" hits="0" branch="False" />
                <line number="68" hits="0" branch="False" />
                <line number="69" hits="0" branch="False" />
                <line number="72" hits="0" branch="False" />
                <line number="73" hits="0" branch="False" />
                <line number="74" hits="0" branch="False" />
                <line number="75" hits="0" branch="True" condition-coverage="0% (0/4)">
                  <conditions>
                    <condition number="12" type="jump" coverage="0%" />
                    <condition number="24" type="jump" coverage="0%" />
                  </conditions>
                </line>
                <line number="76" hits="0" branch="False" />
                <line number="77" hits="0" branch="False" />
                <line number="78" hits="0" branch="False" />
                <line number="79" hits="0" branch="False" />
                <line number="80" hits="0" branch="False" />
                <line number="81" hits="0" branch="False" />
                <line number="82" hits="0" branch="False" />
                <line number="83" hits="0" branch="False" />
                <line number="84" hits="0" branch="False" />
                <line number="85" hits="0" branch="False" />
                <line number="86" hits="0" branch="True" condition-coverage="0% (0/4)">
                  <conditions>
                    <condition number="12" type="jump" coverage="0%" />
                    <condition number="24" type="jump" coverage="0%" />
                  </conditions>
                </line>
                <line number="87" hits="0" branch="False" />
                <line number="88" hits="0" branch="False" />
                <line number="89" hits="0" branch="False" />
                <line number="90" hits="0" branch="False" />
                <line number="91" hits="0" branch="False" />
                <line number="92" hits="0" branch="False" />
                <line number="93" hits="0" branch="False" />
                <line number="94" hits="0" branch="False" />
                <line number="95" hits="0" branch="False" />
                <line number="96" hits="0" branch="False" />
                <line number="97" hits="0" branch="False" />
                <line number="99" hits="0" branch="False" />
                <line number="100" hits="0" branch="True" condition-coverage="0% (0/2)">
                  <conditions>
                    <condition number="640" type="jump" coverage="0%" />
                  </conditions>
                </line>
                <line number="101" hits="0" branch="False" />
                <line number="102" hits="0" branch="False" />
                <line number="103" hits="0" branch="False" />
                <line number="104" hits="0" branch="False" />
                <line number="106" hits="0" branch="False" />
                <line number="107" hits="0" branch="False" />
                <line number="108" hits="0" branch="False" />
                <line number="109" hits="0" branch="False" />
                <line number="110" hits="0" branch="False" />
                <line number="112" hits="0" branch="False" />
                <line number="114" hits="0" branch="False" />
                <line number="115" hits="0" branch="False" />
                <line number="116" hits="0" branch="False" />
                <line number="117" hits="0" branch="False" />
                <line number="118" hits="0" branch="False" />
                <line number="119" hits="0" branch="False" />
                <line number="120" hits="0" branch="False" />
                <line number="122" hits="0" branch="False" />
                <line number="123" hits="0" branch="False" />
                <line number="124" hits="0" branch="False" />
                <line number="125" hits="0" branch="False" />
                <line number="126" hits="0" branch="True" condition-coverage="0% (0/2)">
                  <conditions>
                    <condition number="111" type="jump" coverage="0%" />
                  </conditions>
                </line>
                <line number="127" hits="0" branch="False" />
                <line number="128" hits="0" branch="False" />
                <line number="129" hits="0" branch="False" />
                <line number="130" hits="0" branch="False" />
                <line number="131" hits="0" branch="False" />
                <line number="132" hits="0" branch="False" />
                <line number="133" hits="0" branch="False" />
                <line number="135" hits="0" branch="True" condition-coverage="0% (0/2)">
                  <conditions>
                    <condition number="913" type="jump" coverage="0%" />
                  </conditions>
                </line>
                <line number="136" hits="0" branch="False" />
                <line number="137" hits="0" branch="False" />
                <line number="138" hits="0" branch="False" />
                <line number="140" hits="0" branch="False" />
                <line number="141" hits="0" branch="False" />
                <line number="142" hits="0" branch="False" />
                <line number="143" hits="0" branch="False" />
                <line number="144" hits="0" branch="False" />
                <line number="145" hits="0" branch="False" />
                <line number="146" hits="0" branch="False" />
                <line number="147" hits="0" branch="False" />
                <line number="149" hits="0" branch="False" />
                <line number="150" hits="0" branch="False" />
                <line number="151" hits="0" branch="False" />
                <line number="152" hits="0" branch="False" />
                <line number="154" hits="0" branch="False" />
              </lines>
            </method>
          </methods>
          <lines>
            <line number="15" hits="0" branch="False" />
            <line number="17" hits="0" branch="False" />
            <line number="19" hits="0" branch="False" />
            <line number="20" hits="0" branch="False" />
            <line number="21" hits="0" branch="False" />
            <line number="22" hits="0" branch="False" />
            <line number="23" hits="0" branch="False" />
            <line number="24" hits="0" branch="False" />
            <line number="25" hits="0" branch="False" />
            <line number="26" hits="0" branch="False" />
            <line number="27" hits="0" branch="False" />
            <line number="28" hits="0" branch="False" />
            <line number="29" hits="0" branch="False" />
            <line number="31" hits="0" branch="True" condition-coverage="0% (0/2)">
              <conditions>
                <condition number="157" type="jump" coverage="0%" />
              </conditions>
            </line>
            <line number="32" hits="0" branch="False" />
            <line number="34" hits="0" branch="False" />
            <line number="35" hits="0" branch="False" />
            <line number="36" hits="0" branch="False" />
            <line number="37" hits="0" branch="False" />
            <line number="38" hits="0" branch="False" />
            <line number="39" hits="0" branch="False" />
            <line number="40" hits="0" branch="False" />
            <line number="41" hits="0" branch="False" />
            <line number="42" hits="0" branch="False" />
            <line number="43" hits="0" branch="False" />
            <line number="44" hits="0" branch="False" />
            <line number="45" hits="0" branch="False" />
            <line number="46" hits="0" branch="False" />
            <line number="47" hits="0" branch="False" />
            <line number="48" hits="0" branch="False" />
            <line number="49" hits="0" branch="False" />
            <line number="50" hits="0" branch="False" />
            <line number="51" hits="0" branch="False" />
            <line number="52" hits="0" branch="False" />
            <line number="53" hits="0" branch="False" />
            <line number="54" hits="0" branch="False" />
            <line number="55" hits="0" branch="False" />
            <line number="56" hits="0" branch="False" />
            <line number="57" hits="0" branch="False" />
            <line number="58" hits="0" branch="False" />
            <line number="59" hits="0" branch="False" />
            <line number="60" hits="0" branch="True" condition-coverage="0% (0/2)">
              <conditions>
                <condition number="14" type="jump" coverage="0%" />
              </conditions>
            </line>
            <line number="61" hits="0" branch="False" />
            <line number="62" hits="0" branch="False" />
            <line number="63" hits="0" branch="False" />
            <line number="64" hits="0" branch="False" />
            <line number="65" hits="0" branch="False" />
            <line number="66" hits="0" branch="False" />
            <line number="68" hits="0" branch="False" />
            <line number="69" hits="0" branch="False" />
            <line number="72" hits="0" branch="False" />
            <line number="73" hits="0" branch="False" />
            <line number="74" hits="0" branch="False" />
            <line number="75" hits="0" branch="True" condition-coverage="0% (0/4)">
              <conditions>
                <condition number="12" type="jump" coverage="0%" />
                <condition number="24" type="jump" coverage="0%" />
              </conditions>
            </line>
            <line number="76" hits="0" branch="False" />
            <line number="77" hits="0" branch="False" />
            <line number="78" hits="0" branch="False" />
            <line number="79" hits="0" branch="False" />
            <line number="80" hits="0" branch="False" />
            <line number="81" hits="0" branch="False" />
            <line number="82" hits="0" branch="False" />
            <line number="83" hits="0" branch="False" />
            <line number="84" hits="0" branch="False" />
            <line number="85" hits="0" branch="False" />
            <line number="86" hits="0" branch="True" condition-coverage="0% (0/4)">
              <conditions>
                <condition number="12" type="jump" coverage="0%" />
                <condition number="24" type="jump" coverage="0%" />
              </conditions>
            </line>
            <line number="87" hits="0" branch="False" />
            <line number="88" hits="0" branch="False" />
            <line number="89" hits="0" branch="False" />
            <line number="90" hits="0" branch="False" />
            <line number="91" hits="0" branch="False" />
            <line number="92" hits="0" branch="False" />
            <line number="93" hits="0" branch="False" />
            <line number="94" hits="0" branch="False" />
            <line number="95" hits="0" branch="False" />
            <line number="96" hits="0" branch="False" />
            <line number="97" hits="0" branch="False" />
            <line number="99" hits="0" branch="False" />
            <line number="100" hits="0" branch="True" condition-coverage="0% (0/2)">
              <conditions>
                <condition number="640" type="jump" coverage="0%" />
              </conditions>
            </line>
            <line number="101" hits="0" branch="False" />
            <line number="102" hits="0" branch="False" />
            <line number="103" hits="0" branch="False" />
            <line number="104" hits="0" branch="False" />
            <line number="106" hits="0" branch="False" />
            <line number="107" hits="0" branch="False" />
            <line number="108" hits="0" branch="False" />
            <line number="109" hits="0" branch="False" />
            <line number="110" hits="0" branch="False" />
            <line number="112" hits="0" branch="False" />
            <line number="114" hits="0" branch="False" />
            <line number="115" hits="0" branch="False" />
            <line number="116" hits="0" branch="False" />
            <line number="117" hits="0" branch="False" />
            <line number="118" hits="0" branch="False" />
            <line number="119" hits="0" branch="False" />
            <line number="120" hits="0" branch="False" />
            <line number="122" hits="0" branch="False" />
            <line number="123" hits="0" branch="False" />
            <line number="124" hits="0" branch="False" />
            <line number="125" hits="0" branch="False" />
            <line number="126" hits="0" branch="True" condition-coverage="0% (0/2)">
              <conditions>
                <condition number="111" type="jump" coverage="0%" />
              </conditions>
            </line>
            <line number="127" hits="0" branch="False" />
            <line number="128" hits="0" branch="False" />
            <line number="129" hits="0" branch="False" />
            <line number="130" hits="0" branch="False" />
            <line number="131" hits="0" branch="False" />
            <line number="132" hits="0" branch="False" />
            <line number="133" hits="0" branch="False" />
            <line number="135" hits="0" branch="True" condition-coverage="0% (0/2)">
              <conditions>
                <condition number="913" type="jump" coverage="0%" />
              </conditions>
            </line>
            <line number="136" hits="0" branch="False" />
            <line number="137" hits="0" branch="False" />
            <line number="138" hits="0" branch="False" />
            <line number="140" hits="0" branch="False" />
            <line number="141" hits="0" branch="False" />
            <line number="142" hits="0" branch="False" />
            <line number="143" hits="0" branch="False" />
            <line number="144" hits="0" branch="False" />
            <line number="145" hits="0" branch="False" />
            <line number="146" hits="0" branch="False" />
            <line number="147" hits="0" branch="False" />
            <line number="149" hits="0" branch="False" />
            <line number="150" hits="0" branch="False" />
            <line number="151" hits="0" branch="False" />
            <line number="152" hits="0" branch="False" />
            <line number="154" hits="0" branch="False" />
          </lines>
        </class>
        <class name="System.Text.RegularExpressions.Generated.&lt;RegexGenerator_g&gt;FBB54A355BFC11AACBA5C33D50AE569A0FCC91A3CF15308F30F4376A5523C8F9F__HeaderRegex_0" filename="obj/Debug/net10.0/System.Text.RegularExpressions.Generator/System.Text.RegularExpressions.Generator.RegexGenerator/RegexGenerator.g.cs" line-rate="1" branch-rate="1" complexity="2">
          <methods>
            <method name=".ctor" signature="()" line-rate="1" branch-rate="1" complexity="1">
              <lines>
                <line number="101" hits="1" branch="False" />
                <line number="102" hits="1" branch="False" />
                <line number="103" hits="1" branch="False" />
                <line number="104" hits="1" branch="False" />
                <line number="105" hits="1" branch="False" />
                <line number="106" hits="1" branch="False" />
                <line number="107" hits="1" branch="False" />
                <line number="108" hits="1" branch="False" />
                <line number="109" hits="1" branch="False" />
              </lines>
            </method>
            <method name=".cctor" signature="()" line-rate="1" branch-rate="1" complexity="1">
              <lines>
                <line number="98" hits="1" branch="False" />
              </lines>
            </method>
          </methods>
          <lines>
            <line number="101" hits="1" branch="False" />
            <line number="102" hits="1" branch="False" />
            <line number="103" hits="1" branch="False" />
            <line number="104" hits="1" branch="False" />
            <line number="105" hits="1" branch="False" />
            <line number="106" hits="1" branch="False" />
            <line number="107" hits="1" branch="False" />
            <line number="108" hits="1" branch="False" />
            <line number="109" hits="1" branch="False" />
            <line number="98" hits="1" branch="False" />
          </lines>
        </class>
        <class name="System.Text.RegularExpressions.Generated.&lt;RegexGenerator_g&gt;FBB54A355BFC11AACBA5C33D50AE569A0FCC91A3CF15308F30F4376A5523C8F9F__HeaderRegex_0/RunnerFactory" filename="obj/Debug/net10.0/System.Text.RegularExpressions.Generator/System.Text.RegularExpressions.Generator.RegexGenerator/RegexGenerator.g.cs" line-rate="1" branch-rate="1" complexity="1">
          <methods>
            <method name="CreateInstance" signature="()" line-rate="1" branch-rate="1" complexity="1">
              <lines>
                <line number="115" hits="1" branch="False" />
              </lines>
            </method>
          </methods>
          <lines>
            <line number="115" hits="1" branch="False" />
          </lines>
        </class>
        <class name="System.Text.RegularExpressions.Generated.&lt;RegexGenerator_g&gt;FBB54A355BFC11AACBA5C33D50AE569A0FCC91A3CF15308F30F4376A5523C8F9F__HeaderRegex_0/RunnerFactory/Runner" filename="obj/Debug/net10.0/System.Text.RegularExpressions.Generator/System.Text.RegularExpressions.Generator.RegexGenerator/RegexGenerator.g.cs" line-rate="0.8461" branch-rate="0.7940999999999999" complexity="34">
          <methods>
            <method name="Scan" signature="(System.ReadOnlySpan`1&lt;System.Char&gt;)" line-rate="0.75" branch-rate="0.875" complexity="8">
              <lines>
                <line number="123" hits="22" branch="False" />
                <line number="125" hits="1764" branch="True" condition-coverage="100% (6/6)">
                  <conditions>
                    <condition number="78" type="jump" coverage="100%" />
                    <condition number="44" type="jump" coverage="100%" />
                    <condition number="53" type="jump" coverage="100%" />
                  </conditions>
                </line>
                <line number="126" hits="1764" branch="False" />
                <line number="127" hits="1764" branch="False" />
                <line number="128" hits="1742" branch="False" />
                <line number="129" hits="1742" branch="False" />
                <line number="130" hits="1742" branch="True" condition-coverage="50% (1/2)">
                  <conditions>
                    <condition number="25" type="jump" coverage="50%" />
                  </conditions>
                </line>
                <line number="131" hits="0" branch="False" />
                <line number="132" hits="0" branch="False" />
                <line number="133" hits="0" branch="False" />
                <line number="134" hits="1742" branch="False" />
                <line number="135" hits="22" branch="False" />
              </lines>
            </method>
            <method name="TryFindNextPossibleStartingPosition" signature="(System.ReadOnlySpan`1&lt;System.Char&gt;)" line-rate="0.8887999999999999" branch-rate="0.875" complexity="8">
              <lines>
                <line number="141" hits="1764" branch="False" />
                <line number="142" hits="1764" branch="False" />
                <line number="145" hits="1764" branch="True" condition-coverage="100% (4/4)">
                  <conditions>
                    <condition number="10" type="jump" coverage="100%" />
                    <condition number="35" type="jump" coverage="100%" />
                  </conditions>
                </line>
                <line number="146" hits="1726" branch="False" />
                <line number="147" hits="1726" branch="False" />
                <line number="148" hits="1726" branch="True" condition-coverage="100% (2/2)">
                  <conditions>
                    <condition number="72" type="jump" coverage="100%" />
                  </conditions>
                </line>
                <line number="149" hits="9" branch="False" />
                <line number="150" hits="9" branch="False" />
                <line number="152" hits="1717" branch="False" />
                <line number="154" hits="1717" branch="True" condition-coverage="50% (1/2)">
                  <conditions>
                    <condition number="97" type="jump" coverage="50%" />
                  </conditions>
                </line>
                <line number="155" hits="0" branch="False" />
                <line number="156" hits="0" branch="False" />
                <line number="158" hits="1717" branch="False" />
                <line number="160" hits="1755" branch="False" />
                <line number="163" hits="9" branch="False" />
                <line number="164" hits="9" branch="False" />
                <line number="165" hits="9" branch="False" />
                <line number="166" hits="1764" branch="False" />
              </lines>
            </method>
            <method name="TryMatchAtCurrentPosition" signature="(System.ReadOnlySpan`1&lt;System.Char&gt;)" line-rate="0.8571" branch-rate="0.7222" complexity="18">
              <lines>
                <line number="172" hits="1755" branch="False" />
                <line number="173" hits="1755" branch="False" />
                <line number="174" hits="1755" branch="False" />
                <line number="175" hits="1755" branch="False" />
                <line number="178" hits="1755" branch="True" condition-coverage="100% (4/4)">
                  <conditions>
                    <condition number="21" type="jump" coverage="100%" />
                    <condition number="46" type="jump" coverage="100%" />
                  </conditions>
                </line>
                <line number="179" hits="1717" branch="False" />
                <line number="180" hits="1717" branch="False" />
                <line number="184" hits="38" branch="False" />
                <line number="185" hits="38" branch="False" />
                <line number="187" hits="38" branch="True" condition-coverage="50% (1/2)">
                  <conditions>
                    <condition number="70" type="jump" coverage="50%" />
                  </conditions>
                </line>
                <line number="188" hits="0" branch="False" />
                <line number="189" hits="0" branch="False" />
                <line number="190" hits="0" branch="False" />
                <line number="193" hits="38" branch="False" />
                <line number="194" hits="38" branch="False" />
                <line number="195" hits="62" branch="True" condition-coverage="66.66% (4/6)">
                  <conditions>
                    <condition number="132" type="jump" coverage="100%" />
                    <condition number="98" type="jump" coverage="50%" />
                    <condition number="109" type="jump" coverage="50%" />
                  </conditions>
                </line>
                <line number="196" hits="24" branch="False" />
                <line number="197" hits="24" branch="False" />
                <line number="198" hits="24" branch="False" />
                <line number="200" hits="38" branch="True" condition-coverage="100% (2/2)">
                  <conditions>
                    <condition number="143" type="jump" coverage="100%" />
                  </conditions>
                </line>
                <line number="201" hits="25" branch="False" />
                <line number="202" hits="25" branch="False" />
                <line number="205" hits="13" branch="False" />
                <line number="206" hits="13" branch="False" />
                <line number="207" hits="13" branch="False" />
                <line number="210" hits="13" branch="True" condition-coverage="50% (2/4)">
                  <conditions>
                    <condition number="174" type="jump" coverage="50%" />
                    <condition number="200" type="jump" coverage="50%" />
                  </conditions>
                </line>
                <line number="211" hits="0" branch="False" />
                <line number="212" hits="0" branch="False" />
                <line number="215" hits="13" branch="False" />
                <line number="216" hits="13" branch="False" />
                <line number="217" hits="13" branch="False" />
                <line number="220" hits="13" branch="False" />
                <line number="221" hits="13" branch="False" />
                <line number="222" hits="13" branch="False" />
                <line number="223" hits="1755" branch="False" />
              </lines>
            </method>
          </methods>
          <lines>
            <line number="123" hits="22" branch="False" />
            <line number="125" hits="1764" branch="True" condition-coverage="100% (6/6)">
              <conditions>
                <condition number="78" type="jump" coverage="100%" />
                <condition number="44" type="jump" coverage="100%" />
                <condition number="53" type="jump" coverage="100%" />
              </conditions>
            </line>
            <line number="126" hits="1764" branch="False" />
            <line number="127" hits="1764" branch="False" />
            <line number="128" hits="1742" branch="False" />
            <line number="129" hits="1742" branch="False" />
            <line number="130" hits="1742" branch="True" condition-coverage="50% (1/2)">
              <conditions>
                <condition number="25" type="jump" coverage="50%" />
              </conditions>
            </line>
            <line number="131" hits="0" branch="False" />
            <line number="132" hits="0" branch="False" />
            <line number="133" hits="0" branch="False" />
            <line number="134" hits="1742" branch="False" />
            <line number="135" hits="22" branch="False" />
            <line number="141" hits="1764" branch="False" />
            <line number="142" hits="1764" branch="False" />
            <line number="145" hits="1764" branch="True" condition-coverage="100% (4/4)">
              <conditions>
                <condition number="10" type="jump" coverage="100%" />
                <condition number="35" type="jump" coverage="100%" />
              </conditions>
            </line>
            <line number="146" hits="1726" branch="False" />
            <line number="147" hits="1726" branch="False" />
            <line number="148" hits="1726" branch="True" condition-coverage="100% (2/2)">
              <conditions>
                <condition number="72" type="jump" coverage="100%" />
              </conditions>
            </line>
            <line number="149" hits="9" branch="False" />
            <line number="150" hits="9" branch="False" />
            <line number="152" hits="1717" branch="False" />
            <line number="154" hits="1717" branch="True" condition-coverage="50% (1/2)">
              <conditions>
                <condition number="97" type="jump" coverage="50%" />
              </conditions>
            </line>
            <line number="155" hits="0" branch="False" />
            <line number="156" hits="0" branch="False" />
            <line number="158" hits="1717" branch="False" />
            <line number="160" hits="1755" branch="False" />
            <line number="163" hits="9" branch="False" />
            <line number="164" hits="9" branch="False" />
            <line number="165" hits="9" branch="False" />
            <line number="166" hits="1764" branch="False" />
            <line number="172" hits="1755" branch="False" />
            <line number="173" hits="1755" branch="False" />
            <line number="174" hits="1755" branch="False" />
            <line number="175" hits="1755" branch="False" />
            <line number="178" hits="1755" branch="True" condition-coverage="100% (4/4)">
              <conditions>
                <condition number="21" type="jump" coverage="100%" />
                <condition number="46" type="jump" coverage="100%" />
              </conditions>
            </line>
            <line number="179" hits="1717" branch="False" />
            <line number="180" hits="1717" branch="False" />
            <line number="184" hits="38" branch="False" />
            <line number="185" hits="38" branch="False" />
            <line number="187" hits="38" branch="True" condition-coverage="50% (1/2)">
              <conditions>
                <condition number="70" type="jump" coverage="50%" />
              </conditions>
            </line>
            <line number="188" hits="0" branch="False" />
            <line number="189" hits="0" branch="False" />
            <line number="190" hits="0" branch="False" />
            <line number="193" hits="38" branch="False" />
            <line number="194" hits="38" branch="False" />
            <line number="195" hits="62" branch="True" condition-coverage="66.66% (4/6)">
              <conditions>
                <condition number="132" type="jump" coverage="100%" />
                <condition number="98" type="jump" coverage="50%" />
                <condition number="109" type="jump" coverage="50%" />
              </conditions>
            </line>
            <line number="196" hits="24" branch="False" />
            <line number="197" hits="24" branch="False" />
            <line number="198" hits="24" branch="False" />
            <line number="200" hits="38" branch="True" condition-coverage="100% (2/2)">
              <conditions>
                <condition number="143" type="jump" coverage="100%" />
              </conditions>
            </line>
            <line number="201" hits="25" branch="False" />
            <line number="202" hits="25" branch="False" />
            <line number="205" hits="13" branch="False" />
            <line number="206" hits="13" branch="False" />
            <line number="207" hits="13" branch="False" />
            <line number="210" hits="13" branch="True" condition-coverage="50% (2/4)">
              <conditions>
                <condition number="174" type="jump" coverage="50%" />
                <condition number="200" type="jump" coverage="50%" />
              </conditions>
            </line>
            <line number="211" hits="0" branch="False" />
            <line number="212" hits="0" branch="False" />
            <line number="215" hits="13" branch="False" />
            <line number="216" hits="13" branch="False" />
            <line number="217" hits="13" branch="False" />
            <line number="220" hits="13" branch="False" />
            <line number="221" hits="13" branch="False" />
            <line number="222" hits="13" branch="False" />
            <line number="223" hits="1755" branch="False" />
          </lines>
        </class>
        <class name="System.Text.RegularExpressions.Generated.&lt;RegexGenerator_g&gt;FBB54A355BFC11AACBA5C33D50AE569A0FCC91A3CF15308F30F4376A5523C8F9F__BlankLineRegex_1" filename="obj/Debug/net10.0/System.Text.RegularExpressions.Generator/System.Text.RegularExpressions.Generator.RegexGenerator/RegexGenerator.g.cs" line-rate="1" branch-rate="1" complexity="2">
          <methods>
            <method name=".ctor" signature="()" line-rate="1" branch-rate="1" complexity="1">
              <lines>
                <line number="237" hits="1" branch="False" />
                <line number="238" hits="1" branch="False" />
                <line number="239" hits="1" branch="False" />
                <line number="240" hits="1" branch="False" />
                <line number="241" hits="1" branch="False" />
                <line number="242" hits="1" branch="False" />
                <line number="243" hits="1" branch="False" />
                <line number="244" hits="1" branch="False" />
                <line number="245" hits="1" branch="False" />
              </lines>
            </method>
            <method name=".cctor" signature="()" line-rate="1" branch-rate="1" complexity="1">
              <lines>
                <line number="234" hits="1" branch="False" />
              </lines>
            </method>
          </methods>
          <lines>
            <line number="237" hits="1" branch="False" />
            <line number="238" hits="1" branch="False" />
            <line number="239" hits="1" branch="False" />
            <line number="240" hits="1" branch="False" />
            <line number="241" hits="1" branch="False" />
            <line number="242" hits="1" branch="False" />
            <line number="243" hits="1" branch="False" />
            <line number="244" hits="1" branch="False" />
            <line number="245" hits="1" branch="False" />
            <line number="234" hits="1" branch="False" />
          </lines>
        </class>
        <class name="System.Text.RegularExpressions.Generated.&lt;RegexGenerator_g&gt;FBB54A355BFC11AACBA5C33D50AE569A0FCC91A3CF15308F30F4376A5523C8F9F__BlankLineRegex_1/RunnerFactory" filename="obj/Debug/net10.0/System.Text.RegularExpressions.Generator/System.Text.RegularExpressions.Generator.RegexGenerator/RegexGenerator.g.cs" line-rate="1" branch-rate="1" complexity="1">
          <methods>
            <method name="CreateInstance" signature="()" line-rate="1" branch-rate="1" complexity="1">
              <lines>
                <line number="251" hits="1" branch="False" />
              </lines>
            </method>
          </methods>
          <lines>
            <line number="251" hits="1" branch="False" />
          </lines>
        </class>
        <class name="System.Text.RegularExpressions.Generated.&lt;RegexGenerator_g&gt;FBB54A355BFC11AACBA5C33D50AE569A0FCC91A3CF15308F30F4376A5523C8F9F__BlankLineRegex_1/RunnerFactory/Runner" filename="obj/Debug/net10.0/System.Text.RegularExpressions.Generator/System.Text.RegularExpressions.Generator.RegexGenerator/RegexGenerator.g.cs" line-rate="0.7333" branch-rate="0.625" complexity="16">
          <methods>
            <method name="Scan" signature="(System.ReadOnlySpan`1&lt;System.Char&gt;)" line-rate="0.41659999999999997" branch-rate="0.5" complexity="8">
              <lines>
                <line number="259" hits="10" branch="False" />
                <line number="261" hits="10" branch="True" condition-coverage="66.66% (4/6)">
                  <conditions>
                    <condition number="78" type="jump" coverage="50%" />
                    <condition number="44" type="jump" coverage="100%" />
                    <condition number="53" type="jump" coverage="50%" />
                  </conditions>
                </line>
                <line number="262" hits="10" branch="False" />
                <line number="263" hits="10" branch="False" />
                <line number="264" hits="0" branch="False" />
                <line number="265" hits="0" branch="False" />
                <line number="266" hits="0" branch="True" condition-coverage="0% (0/2)">
                  <conditions>
                    <condition number="25" type="jump" coverage="0%" />
                  </conditions>
                </line>
                <line number="267" hits="0" branch="False" />
                <line number="268" hits="0" branch="False" />
                <line number="269" hits="0" branch="False" />
                <line number="270" hits="0" branch="False" />
                <line number="271" hits="10" branch="False" />
              </lines>
            </method>
            <method name="TryFindNextPossibleStartingPosition" signature="(System.ReadOnlySpan`1&lt;System.Char&gt;)" line-rate="1" branch-rate="1" complexity="4">
              <lines>
                <line number="277" hits="10" branch="False" />
                <line number="278" hits="10" branch="False" />
                <line number="281" hits="10" branch="True" condition-coverage="100% (2/2)">
                  <conditions>
                    <condition number="25" type="jump" coverage="100%" />
                  </conditions>
                </line>
                <line number="282" hits="10" branch="False" />
                <line number="285" hits="10" branch="False" />
                <line number="286" hits="10" branch="True" condition-coverage="100% (2/2)">
                  <conditions>
                    <condition number="56" type="jump" coverage="100%" />
                  </conditions>
                </line>
                <line number="287" hits="5" branch="False" />
                <line number="288" hits="5" branch="False" />
                <line number="289" hits="5" branch="False" />
                <line number="291" hits="5" branch="False" />
                <line number="294" hits="5" branch="False" />
                <line number="295" hits="5" branch="False" />
                <line number="296" hits="10" branch="False" />
              </lines>
            </method>
            <method name="TryMatchAtCurrentPosition" signature="(System.ReadOnlySpan`1&lt;System.Char&gt;)" line-rate="0.75" branch-rate="0.5" complexity="4">
              <lines>
                <line number="302" hits="5" branch="False" />
                <line number="303" hits="5" branch="False" />
                <line number="304" hits="5" branch="False" />
                <line number="305" hits="5" branch="False" />
                <line number="308" hits="5" branch="False" />
                <line number="309" hits="5" branch="False" />
                <line number="310" hits="5" branch="True" condition-coverage="50% (1/2)">
                  <conditions>
                    <condition number="37" type="jump" coverage="50%" />
                  </conditions>
                </line>
                <line number="311" hits="0" branch="False" />
                <line number="312" hits="0" branch="False" />
                <line number="313" hits="0" branch="False" />
                <line number="315" hits="5" branch="True" condition-coverage="50% (1/2)">
                  <conditions>
                    <condition number="57" type="jump" coverage="50%" />
                  </conditions>
                </line>
                <line number="316" hits="0" branch="False" />
                <line number="317" hits="0" branch="False" />
                <line number="320" hits="5" branch="False" />
                <line number="321" hits="5" branch="False" />
                <line number="322" hits="5" branch="False" />
                <line number="325" hits="5" branch="False" />
                <line number="326" hits="5" branch="False" />
                <line number="327" hits="5" branch="False" />
                <line number="328" hits="5" branch="False" />
              </lines>
            </method>
          </methods>
          <lines>
            <line number="259" hits="10" branch="False" />
            <line number="261" hits="10" branch="True" condition-coverage="66.66% (4/6)">
              <conditions>
                <condition number="78" type="jump" coverage="50%" />
                <condition number="44" type="jump" coverage="100%" />
                <condition number="53" type="jump" coverage="50%" />
              </conditions>
            </line>
            <line number="262" hits="10" branch="False" />
            <line number="263" hits="10" branch="False" />
            <line number="264" hits="0" branch="False" />
            <line number="265" hits="0" branch="False" />
            <line number="266" hits="0" branch="True" condition-coverage="0% (0/2)">
              <conditions>
                <condition number="25" type="jump" coverage="0%" />
              </conditions>
            </line>
            <line number="267" hits="0" branch="False" />
            <line number="268" hits="0" branch="False" />
            <line number="269" hits="0" branch="False" />
            <line number="270" hits="0" branch="False" />
            <line number="271" hits="10" branch="False" />
            <line number="277" hits="10" branch="False" />
            <line number="278" hits="10" branch="False" />
            <line number="281" hits="10" branch="True" condition-coverage="100% (2/2)">
              <conditions>
                <condition number="25" type="jump" coverage="100%" />
              </conditions>
            </line>
            <line number="282" hits="10" branch="False" />
            <line number="285" hits="10" branch="False" />
            <line number="286" hits="10" branch="True" condition-coverage="100% (2/2)">
              <conditions>
                <condition number="56" type="jump" coverage="100%" />
              </conditions>
            </line>
            <line number="287" hits="5" branch="False" />
            <line number="288" hits="5" branch="False" />
            <line number="289" hits="5" branch="False" />
            <line number="291" hits="5" branch="False" />
            <line number="294" hits="5" branch="False" />
            <line number="295" hits="5" branch="False" />
            <line number="296" hits="10" branch="False" />
            <line number="302" hits="5" branch="False" />
            <line number="303" hits="5" branch="False" />
            <line number="304" hits="5" branch="False" />
            <line number="305" hits="5" branch="False" />
            <line number="308" hits="5" branch="False" />
            <line number="309" hits="5" branch="False" />
            <line number="310" hits="5" branch="True" condition-coverage="50% (1/2)">
              <conditions>
                <condition number="37" type="jump" coverage="50%" />
              </conditions>
            </line>
            <line number="311" hits="0" branch="False" />
            <line number="312" hits="0" branch="False" />
            <line number="313" hits="0" branch="False" />
            <line number="315" hits="5" branch="True" condition-coverage="50% (1/2)">
              <conditions>
                <condition number="57" type="jump" coverage="50%" />
              </conditions>
            </line>
            <line number="316" hits="0" branch="False" />
            <line number="317" hits="0" branch="False" />
            <line number="320" hits="5" branch="False" />
            <line number="321" hits="5" branch="False" />
            <line number="322" hits="5" branch="False" />
            <line number="325" hits="5" branch="False" />
            <line number="326" hits="5" branch="False" />
            <line number="327" hits="5" branch="False" />
            <line number="328" hits="5" branch="False" />
          </lines>
        </class>
        <class name="System.Text.RegularExpressions.Generated.&lt;RegexGenerator_g&gt;FBB54A355BFC11AACBA5C33D50AE569A0FCC91A3CF15308F30F4376A5523C8F9F__SentenceBoundaryRegex_2" filename="obj/Debug/net10.0/System.Text.RegularExpressions.Generator/System.Text.RegularExpressions.Generator.RegexGenerator/RegexGenerator.g.cs" line-rate="1" branch-rate="1" complexity="2">
          <methods>
            <method name=".ctor" signature="()" line-rate="1" branch-rate="1" complexity="1">
              <lines>
                <line number="342" hits="1" branch="False" />
                <line number="343" hits="1" branch="False" />
                <line number="344" hits="1" branch="False" />
                <line number="345" hits="1" branch="False" />
                <line number="346" hits="1" branch="False" />
                <line number="347" hits="1" branch="False" />
                <line number="348" hits="1" branch="False" />
                <line number="349" hits="1" branch="False" />
                <line number="350" hits="1" branch="False" />
              </lines>
            </method>
            <method name=".cctor" signature="()" line-rate="1" branch-rate="1" complexity="1">
              <lines>
                <line number="339" hits="1" branch="False" />
              </lines>
            </method>
          </methods>
          <lines>
            <line number="342" hits="1" branch="False" />
            <line number="343" hits="1" branch="False" />
            <line number="344" hits="1" branch="False" />
            <line number="345" hits="1" branch="False" />
            <line number="346" hits="1" branch="False" />
            <line number="347" hits="1" branch="False" />
            <line number="348" hits="1" branch="False" />
            <line number="349" hits="1" branch="False" />
            <line number="350" hits="1" branch="False" />
            <line number="339" hits="1" branch="False" />
          </lines>
        </class>
        <class name="System.Text.RegularExpressions.Generated.&lt;RegexGenerator_g&gt;FBB54A355BFC11AACBA5C33D50AE569A0FCC91A3CF15308F30F4376A5523C8F9F__SentenceBoundaryRegex_2/RunnerFactory" filename="obj/Debug/net10.0/System.Text.RegularExpressions.Generator/System.Text.RegularExpressions.Generator.RegexGenerator/RegexGenerator.g.cs" line-rate="1" branch-rate="1" complexity="1">
          <methods>
            <method name="CreateInstance" signature="()" line-rate="1" branch-rate="1" complexity="1">
              <lines>
                <line number="356" hits="1" branch="False" />
              </lines>
            </method>
          </methods>
          <lines>
            <line number="356" hits="1" branch="False" />
          </lines>
        </class>
        <class name="System.Text.RegularExpressions.Generated.&lt;RegexGenerator_g&gt;FBB54A355BFC11AACBA5C33D50AE569A0FCC91A3CF15308F30F4376A5523C8F9F__SentenceBoundaryRegex_2/RunnerFactory/Runner" filename="obj/Debug/net10.0/System.Text.RegularExpressions.Generator/System.Text.RegularExpressions.Generator.RegexGenerator/RegexGenerator.g.cs" line-rate="0.8644" branch-rate="0.7916" complexity="24">
          <methods>
            <method name="Scan" signature="(System.ReadOnlySpan`1&lt;System.Char&gt;)" line-rate="0.75" branch-rate="0.875" complexity="8">
              <lines>
                <line number="364" hits="42" branch="False" />
                <line number="366" hits="560" branch="True" condition-coverage="100% (6/6)">
                  <conditions>
                    <condition number="78" type="jump" coverage="100%" />
                    <condition number="44" type="jump" coverage="100%" />
                    <condition number="53" type="jump" coverage="100%" />
                  </conditions>
                </line>
                <line number="367" hits="560" branch="False" />
                <line number="368" hits="560" branch="False" />
                <line number="369" hits="518" branch="False" />
                <line number="370" hits="518" branch="False" />
                <line number="371" hits="518" branch="True" condition-coverage="50% (1/2)">
                  <conditions>
                    <condition number="25" type="jump" coverage="50%" />
                  </conditions>
                </line>
                <line number="372" hits="0" branch="False" />
                <line number="373" hits="0" branch="False" />
                <line number="374" hits="0" branch="False" />
                <line number="375" hits="518" branch="False" />
                <line number="376" hits="42" branch="False" />
              </lines>
            </method>
            <method name="TryFindNextPossibleStartingPosition" signature="(System.ReadOnlySpan`1&lt;System.Char&gt;)" line-rate="1" branch-rate="1" complexity="4">
              <lines>
                <line number="382" hits="560" branch="False" />
                <line number="383" hits="560" branch="False" />
                <line number="386" hits="560" branch="True" condition-coverage="100% (2/2)">
                  <conditions>
                    <condition number="20" type="jump" coverage="100%" />
                  </conditions>
                </line>
                <line number="387" hits="560" branch="False" />
                <line number="390" hits="560" branch="False" />
                <line number="391" hits="560" branch="True" condition-coverage="100% (2/2)">
                  <conditions>
                    <condition number="51" type="jump" coverage="100%" />
                  </conditions>
                </line>
                <line number="392" hits="557" branch="False" />
                <line number="393" hits="557" branch="False" />
                <line number="394" hits="557" branch="False" />
                <line number="396" hits="3" branch="False" />
                <line number="399" hits="3" branch="False" />
                <line number="400" hits="3" branch="False" />
                <line number="401" hits="560" branch="False" />
              </lines>
            </method>
            <method name="TryMatchAtCurrentPosition" signature="(System.ReadOnlySpan`1&lt;System.Char&gt;)" line-rate="0.8529000000000001" branch-rate="0.6666" complexity="12">
              <lines>
                <line number="407" hits="557" branch="False" />
                <line number="408" hits="557" branch="False" />
                <line number="409" hits="557" branch="False" />
                <line number="411" hits="557" branch="False" />
                <line number="414" hits="557" branch="False" />
                <line number="415" hits="557" branch="False" />
                <line number="416" hits="557" branch="False" />
                <line number="418" hits="557" branch="True" condition-coverage="50% (1/2)">
                  <conditions>
                    <condition number="41" type="jump" coverage="50%" />
                  </conditions>
                </line>
                <line number="419" hits="0" branch="False" />
                <line number="420" hits="0" branch="False" />
                <line number="421" hits="0" branch="False" />
                <line number="424" hits="557" branch="True" condition-coverage="75% (3/4)">
                  <conditions>
                    <condition number="64" type="jump" coverage="50%" />
                    <condition number="111" type="jump" coverage="100%" />
                  </conditions>
                </line>
                <line number="425" hits="518" branch="False" />
                <line number="426" hits="518" branch="False" />
                <line number="428" hits="39" branch="False" />
                <line number="430" hits="39" branch="False" />
                <line number="431" hits="39" branch="False" />
                <line number="432" hits="39" branch="False" />
                <line number="435" hits="39" branch="False" />
                <line number="436" hits="39" branch="False" />
                <line number="437" hits="78" branch="True" condition-coverage="75% (3/4)">
                  <conditions>
                    <condition number="183" type="jump" coverage="100%" />
                    <condition number="159" type="jump" coverage="50%" />
                  </conditions>
                </line>
                <line number="438" hits="39" branch="False" />
                <line number="439" hits="39" branch="False" />
                <line number="440" hits="39" branch="False" />
                <line number="442" hits="39" branch="True" condition-coverage="50% (1/2)">
                  <conditions>
                    <condition number="194" type="jump" coverage="50%" />
                  </conditions>
                </line>
                <line number="443" hits="0" branch="False" />
                <line number="444" hits="0" branch="False" />
                <line number="447" hits="39" branch="False" />
                <line number="448" hits="39" branch="False" />
                <line number="449" hits="39" branch="False" />
                <line number="452" hits="39" branch="False" />
                <line number="453" hits="39" branch="False" />
                <line number="454" hits="39" branch="False" />
                <line number="455" hits="557" branch="False" />
              </lines>
            </method>
          </methods>
          <lines>
            <line number="364" hits="42" branch="False" />
            <line number="366" hits="560" branch="True" condition-coverage="100% (6/6)">
              <conditions>
                <condition number="78" type="jump" coverage="100%" />
                <condition number="44" type="jump" coverage="100%" />
                <condition number="53" type="jump" coverage="100%" />
              </conditions>
            </line>
            <line number="367" hits="560" branch="False" />
            <line number="368" hits="560" branch="False" />
            <line number="369" hits="518" branch="False" />
            <line number="370" hits="518" branch="False" />
            <line number="371" hits="518" branch="True" condition-coverage="50% (1/2)">
              <conditions>
                <condition number="25" type="jump" coverage="50%" />
              </conditions>
            </line>
            <line number="372" hits="0" branch="False" />
            <line number="373" hits="0" branch="False" />
            <line number="374" hits="0" branch="False" />
            <line number="375" hits="518" branch="False" />
            <line number="376" hits="42" branch="False" />
            <line number="382" hits="560" branch="False" />
            <line number="383" hits="560" branch="False" />
            <line number="386" hits="560" branch="True" condition-coverage="100% (2/2)">
              <conditions>
                <condition number="20" type="jump" coverage="100%" />
              </conditions>
            </line>
            <line number="387" hits="560" branch="False" />
            <line number="390" hits="560" branch="False" />
            <line number="391" hits="560" branch="True" condition-coverage="100% (2/2)">
              <conditions>
                <condition number="51" type="jump" coverage="100%" />
              </conditions>
            </line>
            <line number="392" hits="557" branch="False" />
            <line number="393" hits="557" branch="False" />
            <line number="394" hits="557" branch="False" />
            <line number="396" hits="3" branch="False" />
            <line number="399" hits="3" branch="False" />
            <line number="400" hits="3" branch="False" />
            <line number="401" hits="560" branch="False" />
            <line number="407" hits="557" branch="False" />
            <line number="408" hits="557" branch="False" />
            <line number="409" hits="557" branch="False" />
            <line number="411" hits="557" branch="False" />
            <line number="414" hits="557" branch="False" />
            <line number="415" hits="557" branch="False" />
            <line number="416" hits="557" branch="False" />
            <line number="418" hits="557" branch="True" condition-coverage="50% (1/2)">
              <conditions>
                <condition number="41" type="jump" coverage="50%" />
              </conditions>
            </line>
            <line number="419" hits="0" branch="False" />
            <line number="420" hits="0" branch="False" />
            <line number="421" hits="0" branch="False" />
            <line number="424" hits="557" branch="True" condition-coverage="75% (3/4)">
              <conditions>
                <condition number="64" type="jump" coverage="50%" />
                <condition number="111" type="jump" coverage="100%" />
              </conditions>
            </line>
            <line number="425" hits="518" branch="False" />
            <line number="426" hits="518" branch="False" />
            <line number="428" hits="39" branch="False" />
            <line number="430" hits="39" branch="False" />
            <line number="431" hits="39" branch="False" />
            <line number="432" hits="39" branch="False" />
            <line number="435" hits="39" branch="False" />
            <line number="436" hits="39" branch="False" />
            <line number="437" hits="78" branch="True" condition-coverage="75% (3/4)">
              <conditions>
                <condition number="183" type="jump" coverage="100%" />
                <condition number="159" type="jump" coverage="50%" />
              </conditions>
            </line>
            <line number="438" hits="39" branch="False" />
            <line number="439" hits="39" branch="False" />
            <line number="440" hits="39" branch="False" />
            <line number="442" hits="39" branch="True" condition-coverage="50% (1/2)">
              <conditions>
                <condition number="194" type="jump" coverage="50%" />
              </conditions>
            </line>
            <line number="443" hits="0" branch="False" />
            <line number="444" hits="0" branch="False" />
            <line number="447" hits="39" branch="False" />
            <line number="448" hits="39" branch="False" />
            <line number="449" hits="39" branch="False" />
            <line number="452" hits="39" branch="False" />
            <line number="453" hits="39" branch="False" />
            <line number="454" hits="39" branch="False" />
            <line number="455" hits="557" branch="False" />
          </lines>
        </class>
        <class name="System.Text.RegularExpressions.Generated.&lt;RegexGenerator_g&gt;FBB54A355BFC11AACBA5C33D50AE569A0FCC91A3CF15308F30F4376A5523C8F9F__MyRegex_3" filename="obj/Debug/net10.0/System.Text.RegularExpressions.Generator/System.Text.RegularExpressions.Generator.RegexGenerator/RegexGenerator.g.cs" line-rate="1" branch-rate="1" complexity="2">
          <methods>
            <method name=".ctor" signature="()" line-rate="1" branch-rate="1" complexity="1">
              <lines>
                <line number="469" hits="1" branch="False" />
                <line number="470" hits="1" branch="False" />
                <line number="471" hits="1" branch="False" />
                <line number="472" hits="1" branch="False" />
                <line number="473" hits="1" branch="False" />
                <line number="474" hits="1" branch="False" />
                <line number="475" hits="1" branch="False" />
                <line number="476" hits="1" branch="False" />
                <line number="477" hits="1" branch="False" />
              </lines>
            </method>
            <method name=".cctor" signature="()" line-rate="1" branch-rate="1" complexity="1">
              <lines>
                <line number="466" hits="1" branch="False" />
              </lines>
            </method>
          </methods>
          <lines>
            <line number="469" hits="1" branch="False" />
            <line number="470" hits="1" branch="False" />
            <line number="471" hits="1" branch="False" />
            <line number="472" hits="1" branch="False" />
            <line number="473" hits="1" branch="False" />
            <line number="474" hits="1" branch="False" />
            <line number="475" hits="1" branch="False" />
            <line number="476" hits="1" branch="False" />
            <line number="477" hits="1" branch="False" />
            <line number="466" hits="1" branch="False" />
          </lines>
        </class>
        <class name="System.Text.RegularExpressions.Generated.&lt;RegexGenerator_g&gt;FBB54A355BFC11AACBA5C33D50AE569A0FCC91A3CF15308F30F4376A5523C8F9F__MyRegex_3/RunnerFactory" filename="obj/Debug/net10.0/System.Text.RegularExpressions.Generator/System.Text.RegularExpressions.Generator.RegexGenerator/RegexGenerator.g.cs" line-rate="1" branch-rate="1" complexity="1">
          <methods>
            <method name="CreateInstance" signature="()" line-rate="1" branch-rate="1" complexity="1">
              <lines>
                <line number="483" hits="1" branch="False" />
              </lines>
            </method>
          </methods>
          <lines>
            <line number="483" hits="1" branch="False" />
          </lines>
        </class>
        <class name="System.Text.RegularExpressions.Generated.&lt;RegexGenerator_g&gt;FBB54A355BFC11AACBA5C33D50AE569A0FCC91A3CF15308F30F4376A5523C8F9F__MyRegex_3/RunnerFactory/Runner" filename="obj/Debug/net10.0/System.Text.RegularExpressions.Generator/System.Text.RegularExpressions.Generator.RegexGenerator/RegexGenerator.g.cs" line-rate="0.8461" branch-rate="0.8529000000000001" complexity="34">
          <methods>
            <method name="Scan" signature="(System.ReadOnlySpan`1&lt;System.Char&gt;)" line-rate="0.75" branch-rate="0.875" complexity="8">
              <lines>
                <line number="491" hits="20" branch="False" />
                <line number="493" hits="142" branch="True" condition-coverage="100% (6/6)">
                  <conditions>
                    <condition number="78" type="jump" coverage="100%" />
                    <condition number="44" type="jump" coverage="100%" />
                    <condition number="53" type="jump" coverage="100%" />
                  </conditions>
                </line>
                <line number="494" hits="142" branch="False" />
                <line number="495" hits="142" branch="False" />
                <line number="496" hits="122" branch="False" />
                <line number="497" hits="122" branch="False" />
                <line number="498" hits="122" branch="True" condition-coverage="50% (1/2)">
                  <conditions>
                    <condition number="25" type="jump" coverage="50%" />
                  </conditions>
                </line>
                <line number="499" hits="0" branch="False" />
                <line number="500" hits="0" branch="False" />
                <line number="501" hits="0" branch="False" />
                <line number="502" hits="122" branch="False" />
                <line number="503" hits="20" branch="False" />
              </lines>
            </method>
            <method name="TryFindNextPossibleStartingPosition" signature="(System.ReadOnlySpan`1&lt;System.Char&gt;)" line-rate="0.8887999999999999" branch-rate="0.875" complexity="8">
              <lines>
                <line number="509" hits="142" branch="False" />
                <line number="510" hits="142" branch="False" />
                <line number="513" hits="142" branch="True" condition-coverage="100% (4/4)">
                  <conditions>
                    <condition number="10" type="jump" coverage="100%" />
                    <condition number="35" type="jump" coverage="100%" />
                  </conditions>
                </line>
                <line number="514" hits="117" branch="False" />
                <line number="515" hits="117" branch="False" />
                <line number="516" hits="117" branch="True" condition-coverage="100% (2/2)">
                  <conditions>
                    <condition number="72" type="jump" coverage="100%" />
                  </conditions>
                </line>
                <line number="517" hits="7" branch="False" />
                <line number="518" hits="7" branch="False" />
                <line number="520" hits="110" branch="False" />
                <line number="522" hits="110" branch="True" condition-coverage="50% (1/2)">
                  <conditions>
                    <condition number="97" type="jump" coverage="50%" />
                  </conditions>
                </line>
                <line number="523" hits="0" branch="False" />
                <line number="524" hits="0" branch="False" />
                <line number="526" hits="110" branch="False" />
                <line number="528" hits="135" branch="False" />
                <line number="531" hits="7" branch="False" />
                <line number="532" hits="7" branch="False" />
                <line number="533" hits="7" branch="False" />
                <line number="534" hits="142" branch="False" />
              </lines>
            </method>
            <method name="TryMatchAtCurrentPosition" signature="(System.ReadOnlySpan`1&lt;System.Char&gt;)" line-rate="0.8571" branch-rate="0.8332999999999999" complexity="18">
              <lines>
                <line number="540" hits="135" branch="False" />
                <line number="541" hits="135" branch="False" />
                <line number="542" hits="135" branch="False" />
                <line number="543" hits="135" branch="False" />
                <line number="546" hits="135" branch="True" condition-coverage="100% (4/4)">
                  <conditions>
                    <condition number="21" type="jump" coverage="100%" />
                    <condition number="46" type="jump" coverage="100%" />
                  </conditions>
                </line>
                <line number="547" hits="110" branch="False" />
                <line number="548" hits="110" branch="False" />
                <line number="552" hits="25" branch="False" />
                <line number="553" hits="25" branch="False" />
                <line number="555" hits="25" branch="True" condition-coverage="50% (1/2)">
                  <conditions>
                    <condition number="70" type="jump" coverage="50%" />
                  </conditions>
                </line>
                <line number="556" hits="0" branch="False" />
                <line number="557" hits="0" branch="False" />
                <line number="558" hits="0" branch="False" />
                <line number="561" hits="25" branch="False" />
                <line number="562" hits="25" branch="False" />
                <line number="563" hits="46" branch="True" condition-coverage="100% (6/6)">
                  <conditions>
                    <condition number="132" type="jump" coverage="100%" />
                    <condition number="98" type="jump" coverage="100%" />
                    <condition number="109" type="jump" coverage="100%" />
                  </conditions>
                </line>
                <line number="564" hits="21" branch="False" />
                <line number="565" hits="21" branch="False" />
                <line number="566" hits="21" branch="False" />
                <line number="568" hits="25" branch="True" condition-coverage="100% (2/2)">
                  <conditions>
                    <condition number="143" type="jump" coverage="100%" />
                  </conditions>
                </line>
                <line number="569" hits="13" branch="False" />
                <line number="570" hits="13" branch="False" />
                <line number="573" hits="12" branch="False" />
                <line number="574" hits="12" branch="False" />
                <line number="575" hits="12" branch="False" />
                <line number="578" hits="12" branch="True" condition-coverage="50% (2/4)">
                  <conditions>
                    <condition number="174" type="jump" coverage="50%" />
                    <condition number="200" type="jump" coverage="50%" />
                  </conditions>
                </line>
                <line number="579" hits="0" branch="False" />
                <line number="580" hits="0" branch="False" />
                <line number="583" hits="12" branch="False" />
                <line number="584" hits="12" branch="False" />
                <line number="585" hits="12" branch="False" />
                <line number="588" hits="12" branch="False" />
                <line number="589" hits="12" branch="False" />
                <line number="590" hits="12" branch="False" />
                <line number="591" hits="135" branch="False" />
              </lines>
            </method>
          </methods>
          <lines>
            <line number="491" hits="20" branch="False" />
            <line number="493" hits="142" branch="True" condition-coverage="100% (6/6)">
              <conditions>
                <condition number="78" type="jump" coverage="100%" />
                <condition number="44" type="jump" coverage="100%" />
                <condition number="53" type="jump" coverage="100%" />
              </conditions>
            </line>
            <line number="494" hits="142" branch="False" />
            <line number="495" hits="142" branch="False" />
            <line number="496" hits="122" branch="False" />
            <line number="497" hits="122" branch="False" />
            <line number="498" hits="122" branch="True" condition-coverage="50% (1/2)">
              <conditions>
                <condition number="25" type="jump" coverage="50%" />
              </conditions>
            </line>
            <line number="499" hits="0" branch="False" />
            <line number="500" hits="0" branch="False" />
            <line number="501" hits="0" branch="False" />
            <line number="502" hits="122" branch="False" />
            <line number="503" hits="20" branch="False" />
            <line number="509" hits="142" branch="False" />
            <line number="510" hits="142" branch="False" />
            <line number="513" hits="142" branch="True" condition-coverage="100% (4/4)">
              <conditions>
                <condition number="10" type="jump" coverage="100%" />
                <condition number="35" type="jump" coverage="100%" />
              </conditions>
            </line>
            <line number="514" hits="117" branch="False" />
            <line number="515" hits="117" branch="False" />
            <line number="516" hits="117" branch="True" condition-coverage="100% (2/2)">
              <conditions>
                <condition number="72" type="jump" coverage="100%" />
              </conditions>
            </line>
            <line number="517" hits="7" branch="False" />
            <line number="518" hits="7" branch="False" />
            <line number="520" hits="110" branch="False" />
            <line number="522" hits="110" branch="True" condition-coverage="50% (1/2)">
              <conditions>
                <condition number="97" type="jump" coverage="50%" />
              </conditions>
            </line>
            <line number="523" hits="0" branch="False" />
            <line number="524" hits="0" branch="False" />
            <line number="526" hits="110" branch="False" />
            <line number="528" hits="135" branch="False" />
            <line number="531" hits="7" branch="False" />
            <line number="532" hits="7" branch="False" />
            <line number="533" hits="7" branch="False" />
            <line number="534" hits="142" branch="False" />
            <line number="540" hits="135" branch="False" />
            <line number="541" hits="135" branch="False" />
            <line number="542" hits="135" branch="False" />
            <line number="543" hits="135" branch="False" />
            <line number="546" hits="135" branch="True" condition-coverage="100% (4/4)">
              <conditions>
                <condition number="21" type="jump" coverage="100%" />
                <condition number="46" type="jump" coverage="100%" />
              </conditions>
            </line>
            <line number="547" hits="110" branch="False" />
            <line number="548" hits="110" branch="False" />
            <line number="552" hits="25" branch="False" />
            <line number="553" hits="25" branch="False" />
            <line number="555" hits="25" branch="True" condition-coverage="50% (1/2)">
              <conditions>
                <condition number="70" type="jump" coverage="50%" />
              </conditions>
            </line>
            <line number="556" hits="0" branch="False" />
            <line number="557" hits="0" branch="False" />
            <line number="558" hits="0" branch="False" />
            <line number="561" hits="25" branch="False" />
            <line number="562" hits="25" branch="False" />
            <line number="563" hits="46" branch="True" condition-coverage="100% (6/6)">
              <conditions>
                <condition number="132" type="jump" coverage="100%" />
                <condition number="98" type="jump" coverage="100%" />
                <condition number="109" type="jump" coverage="100%" />
              </conditions>
            </line>
            <line number="564" hits="21" branch="False" />
            <line number="565" hits="21" branch="False" />
            <line number="566" hits="21" branch="False" />
            <line number="568" hits="25" branch="True" condition-coverage="100% (2/2)">
              <conditions>
                <condition number="143" type="jump" coverage="100%" />
              </conditions>
            </line>
            <line number="569" hits="13" branch="False" />
            <line number="570" hits="13" branch="False" />
            <line number="573" hits="12" branch="False" />
            <line number="574" hits="12" branch="False" />
            <line number="575" hits="12" branch="False" />
            <line number="578" hits="12" branch="True" condition-coverage="50% (2/4)">
              <conditions>
                <condition number="174" type="jump" coverage="50%" />
                <condition number="200" type="jump" coverage="50%" />
              </conditions>
            </line>
            <line number="579" hits="0" branch="False" />
            <line number="580" hits="0" branch="False" />
            <line number="583" hits="12" branch="False" />
            <line number="584" hits="12" branch="False" />
            <line number="585" hits="12" branch="False" />
            <line number="588" hits="12" branch="False" />
            <line number="589" hits="12" branch="False" />
            <line number="590" hits="12" branch="False" />
            <line number="591" hits="135" branch="False" />
          </lines>
        </class>
        <class name="System.Text.RegularExpressions.Generated.&lt;RegexGenerator_g&gt;FBB54A355BFC11AACBA5C33D50AE569A0FCC91A3CF15308F30F4376A5523C8F9F__Utilities" filename="obj/Debug/net10.0/System.Text.RegularExpressions.Generator/System.Text.RegularExpressions.Generator.RegexGenerator/RegexGenerator.g.cs" line-rate="1" branch-rate="0.5" complexity="2">
          <methods>
            <method name=".cctor" signature="()" line-rate="1" branch-rate="0.5" complexity="2">
              <lines>
                <line number="602" hits="1" branch="True" condition-coverage="50% (1/2)">
                  <conditions>
                    <condition number="17" type="jump" coverage="50%" />
                  </conditions>
                </line>
                <line number="605" hits="1" branch="False" />
                <line number="608" hits="1" branch="False" />
                <line number="611" hits="1" branch="False" />
              </lines>
            </method>
          </methods>
          <lines>
            <line number="602" hits="1" branch="True" condition-coverage="50% (1/2)">
              <conditions>
                <condition number="17" type="jump" coverage="50%" />
              </conditions>
            </line>
            <line number="605" hits="1" branch="False" />
            <line number="608" hits="1" branch="False" />
            <line number="611" hits="1" branch="False" />
          </lines>
        </class>
        <class name="Api.Services.HybridChunkingService" filename="obj/Debug/net10.0/System.Text.RegularExpressions.Generator/System.Text.RegularExpressions.Generator.RegexGenerator/RegexGenerator.g.cs" line-rate="1" branch-rate="1" complexity="3">
          <methods>
            <method name="HeaderRegex" signature="()" line-rate="1" branch-rate="1" complexity="1">
              <lines>
                <line number="21" hits="9" branch="False" />
              </lines>
            </method>
            <method name="BlankLineRegex" signature="()" line-rate="1" branch-rate="1" complexity="1">
              <lines>
[...]
                <condition number="592" type="jump" coverage="100%" />
              </conditions>
            </line>
            <line number="55" hits="1" branch="False" />
            <line number="57" hits="1" branch="False" />
            <line number="58" hits="1" branch="False" />
            <line number="60" hits="5" branch="False" />
            <line number="61" hits="5" branch="False" />
            <line number="63" hits="5" branch="False" />
            <line number="64" hits="7" branch="False" />
          </lines>
        </class>
        <class name="Api.Controllers.IngestController/&lt;ProcessIngestAsync&gt;d__11" filename="Controllers/IngestController.cs" line-rate="1" branch-rate="0.75" complexity="4">
          <methods>
            <method name="MoveNext" signature="()" line-rate="1" branch-rate="0.75" complexity="4">
              <lines>
                <line number="106" hits="5" branch="False" />
                <line number="107" hits="5" branch="False" />
                <line number="108" hits="5" branch="False" />
                <line number="110" hits="25" branch="True" condition-coverage="100% (2/2)">
                  <conditions>
                    <condition number="553" type="jump" coverage="100%" />
                  </conditions>
                </line>
                <line number="111" hits="5" branch="False" />
                <line number="112" hits="5" branch="False" />
                <line number="113" hits="5" branch="False" />
                <line number="114" hits="5" branch="False" />
                <line number="115" hits="5" branch="False" />
                <line number="116" hits="5" branch="False" />
                <line number="117" hits="5" branch="False" />
                <line number="118" hits="5" branch="False" />
                <line number="119" hits="5" branch="False" />
                <line number="120" hits="5" branch="False" />
                <line number="121" hits="5" branch="False" />
                <line number="122" hits="5" branch="False" />
                <line number="123" hits="5" branch="False" />
                <line number="124" hits="5" branch="False" />
                <line number="126" hits="5" branch="False" />
                <line number="128" hits="5" branch="True" condition-coverage="50% (1/2)">
                  <conditions>
                    <condition number="736" type="jump" coverage="50%" />
                  </conditions>
                </line>
                <line number="130" hits="5" branch="False" />
                <line number="131" hits="5" branch="False" />
                <line number="132" hits="5" branch="False" />
                <line number="133" hits="5" branch="False" />
                <line number="134" hits="5" branch="False" />
                <line number="135" hits="5" branch="False" />
                <line number="136" hits="5" branch="False" />
                <line number="137" hits="5" branch="False" />
                <line number="138" hits="5" branch="False" />
                <line number="139" hits="5" branch="False" />
                <line number="140" hits="5" branch="False" />
              </lines>
            </method>
          </methods>
          <lines>
            <line number="106" hits="5" branch="False" />
            <line number="107" hits="5" branch="False" />
            <line number="108" hits="5" branch="False" />
            <line number="110" hits="25" branch="True" condition-coverage="100% (2/2)">
              <conditions>
                <condition number="553" type="jump" coverage="100%" />
              </conditions>
            </line>
            <line number="111" hits="5" branch="False" />
            <line number="112" hits="5" branch="False" />
            <line number="113" hits="5" branch="False" />
            <line number="114" hits="5" branch="False" />
            <line number="115" hits="5" branch="False" />
            <line number="116" hits="5" branch="False" />
            <line number="117" hits="5" branch="False" />
            <line number="118" hits="5" branch="False" />
            <line number="119" hits="5" branch="False" />
            <line number="120" hits="5" branch="False" />
            <line number="121" hits="5" branch="False" />
            <line number="122" hits="5" branch="False" />
            <line number="123" hits="5" branch="False" />
            <line number="124" hits="5" branch="False" />
            <line number="126" hits="5" branch="False" />
            <line number="128" hits="5" branch="True" condition-coverage="50% (1/2)">
              <conditions>
                <condition number="736" type="jump" coverage="50%" />
              </conditions>
            </line>
            <line number="130" hits="5" branch="False" />
            <line number="131" hits="5" branch="False" />
            <line number="132" hits="5" branch="False" />
            <line number="133" hits="5" branch="False" />
            <line number="134" hits="5" branch="False" />
            <line number="135" hits="5" branch="False" />
            <line number="136" hits="5" branch="False" />
            <line number="137" hits="5" branch="False" />
            <line number="138" hits="5" branch="False" />
            <line number="139" hits="5" branch="False" />
            <line number="140" hits="5" branch="False" />
          </lines>
        </class>
        <class name="Api.Controllers.IngestController/&lt;Upload&gt;d__10" filename="Controllers/IngestController.cs" line-rate="0" branch-rate="0" complexity="10">
          <methods>
            <method name="MoveNext" signature="()" line-rate="0" branch-rate="0" complexity="10">
              <lines>
                <line number="72" hits="0" branch="False" />
                <line number="73" hits="0" branch="False" />
                <line number="74" hits="0" branch="True" condition-coverage="0% (0/2)">
                  <conditions>
                    <condition number="194" type="jump" coverage="0%" />
                  </conditions>
                </line>
                <line number="75" hits="0" branch="False" />
                <line number="76" hits="0" branch="False" />
                <line number="77" hits="0" branch="False" />
                <line number="80" hits="0" branch="True" condition-coverage="0% (0/4)">
                  <conditions>
                    <condition number="282" type="jump" coverage="0%" />
                    <condition number="306" type="jump" coverage="0%" />
                  </conditions>
                </line>
                <line number="81" hits="0" branch="False" />
                <line number="83" hits="0" branch="True" condition-coverage="0% (0/2)">
                  <conditions>
                    <condition number="363" type="jump" coverage="0%" />
                  </conditions>
                </line>
                <line number="84" hits="0" branch="False" />
                <line number="86" hits="0" branch="False" />
                <line number="87" hits="0" branch="True" condition-coverage="0% (0/2)">
                  <conditions>
                    <condition number="442" type="jump" coverage="0%" />
                  </conditions>
                </line>
                <line number="88" hits="0" branch="False" />
                <line number="91" hits="0" branch="False" />
                <line number="94" hits="0" branch="False" />
                <line number="95" hits="0" branch="False" />
                <line number="97" hits="0" branch="False" />
                <line number="99" hits="0" branch="False" />
                <line number="100" hits="0" branch="False" />
              </lines>
            </method>
          </methods>
          <lines>
            <line number="72" hits="0" branch="False" />
            <line number="73" hits="0" branch="False" />
            <line number="74" hits="0" branch="True" condition-coverage="0% (0/2)">
              <conditions>
                <condition number="194" type="jump" coverage="0%" />
              </conditions>
            </line>
            <line number="75" hits="0" branch="False" />
            <line number="76" hits="0" branch="False" />
            <line number="77" hits="0" branch="False" />
            <line number="80" hits="0" branch="True" condition-coverage="0% (0/4)">
              <conditions>
                <condition number="282" type="jump" coverage="0%" />
                <condition number="306" type="jump" coverage="0%" />
              </conditions>
            </line>
            <line number="81" hits="0" branch="False" />
            <line number="83" hits="0" branch="True" condition-coverage="0% (0/2)">
              <conditions>
                <condition number="363" type="jump" coverage="0%" />
              </conditions>
            </line>
            <line number="84" hits="0" branch="False" />
            <line number="86" hits="0" branch="False" />
            <line number="87" hits="0" branch="True" condition-coverage="0% (0/2)">
              <conditions>
                <condition number="442" type="jump" coverage="0%" />
              </conditions>
            </line>
            <line number="88" hits="0" branch="False" />
            <line number="91" hits="0" branch="False" />
            <line number="94" hits="0" branch="False" />
            <line number="95" hits="0" branch="False" />
            <line number="97" hits="0" branch="False" />
            <line number="99" hits="0" branch="False" />
            <line number="100" hits="0" branch="False" />
          </lines>
        </class>
        <class name="Api.Contracts.ChatMessageDto" filename="Contracts/ChatMessageDto.cs" line-rate="1" branch-rate="1" complexity="3">
          <methods>
            <method name="get_Role" signature="()" line-rate="1" branch-rate="1" complexity="1">
              <lines>
                <line number="9" hits="43" branch="False" />
              </lines>
            </method>
            <method name="get_Content" signature="()" line-rate="1" branch-rate="1" complexity="1">
              <lines>
                <line number="12" hits="42" branch="False" />
              </lines>
            </method>
            <method name="get_TimestampUtc" signature="()" line-rate="1" branch-rate="1" complexity="1">
              <lines>
                <line number="14" hits="15" branch="False" />
              </lines>
            </method>
          </methods>
          <lines>
            <line number="9" hits="43" branch="False" />
            <line number="12" hits="42" branch="False" />
            <line number="14" hits="15" branch="False" />
          </lines>
        </class>
        <class name="Api.Contracts.ChatRequest" filename="Contracts/ChatRequest.cs" line-rate="1" branch-rate="1" complexity="3">
          <methods>
            <method name="get_ConversationId" signature="()" line-rate="1" branch-rate="1" complexity="1">
              <lines>
                <line number="8" hits="45" branch="False" />
              </lines>
            </method>
            <method name="get_Messages" signature="()" line-rate="1" branch-rate="1" complexity="1">
              <lines>
                <line number="12" hits="48" branch="False" />
              </lines>
            </method>
            <method name="get_UseTools" signature="()" line-rate="1" branch-rate="1" complexity="1">
              <lines>
                <line number="14" hits="16" branch="False" />
              </lines>
            </method>
          </methods>
          <lines>
            <line number="8" hits="45" branch="False" />
            <line number="12" hits="48" branch="False" />
            <line number="14" hits="16" branch="False" />
          </lines>
        </class>
        <class name="Api.Contracts.ChatResponse" filename="Contracts/ChatResponse.cs" line-rate="1" branch-rate="1" complexity="6">
          <methods>
            <method name="get_ConversationId" signature="()" line-rate="1" branch-rate="1" complexity="1">
              <lines>
                <line number="5" hits="30" branch="False" />
              </lines>
            </method>
            <method name="get_AssistantMessage" signature="()" line-rate="1" branch-rate="1" complexity="1">
              <lines>
                <line number="7" hits="39" branch="False" />
              </lines>
            </method>
            <method name="get_Status" signature="()" line-rate="1" branch-rate="1" complexity="1">
              <lines>
                <line number="9" hits="31" branch="False" />
              </lines>
            </method>
            <method name="get_IsPlaceholder" signature="()" line-rate="1" branch-rate="1" complexity="1">
              <lines>
                <line number="11" hits="14" branch="False" />
              </lines>
            </method>
            <method name="get_ToolCalls" signature="()" line-rate="1" branch-rate="1" complexity="1">
              <lines>
                <line number="13" hits="32" branch="False" />
              </lines>
            </method>
            <method name="get_Citations" signature="()" line-rate="1" branch-rate="1" complexity="1">
              <lines>
                <line number="15" hits="36" branch="False" />
              </lines>
            </method>
          </methods>
          <lines>
            <line number="5" hits="30" branch="False" />
            <line number="7" hits="39" branch="False" />
            <line number="9" hits="31" branch="False" />
            <line number="11" hits="14" branch="False" />
            <line number="13" hits="32" branch="False" />
            <line number="15" hits="36" branch="False" />
          </lines>
        </class>
        <class name="Api.Contracts.CitationDto" filename="Contracts/CitationDto.cs" line-rate="0.5" branch-rate="1" complexity="4">
          <methods>
            <method name="get_Source" signature="()" line-rate="1" branch-rate="1" complexity="1">
              <lines>
                <line number="5" hits="11" branch="False" />
              </lines>
            </method>
            <method name="get_Snippet" signature="()" line-rate="1" branch-rate="1" complexity="1">
              <lines>
                <line number="7" hits="13" branch="False" />
              </lines>
            </method>
            <method name="get_StartLine" signature="()" line-rate="0" branch-rate="1" complexity="1">
              <lines>
                <line number="9" hits="0" branch="False" />
              </lines>
            </method>
            <method name="get_EndLine" signature="()" line-rate="0" branch-rate="1" complexity="1">
              <lines>
                <line number="11" hits="0" branch="False" />
              </lines>
            </method>
          </methods>
          <lines>
            <line number="5" hits="11" branch="False" />
            <line number="7" hits="13" branch="False" />
            <line number="9" hits="0" branch="False" />
            <line number="11" hits="0" branch="False" />
          </lines>
        </class>
        <class name="Api.Contracts.HealthResponse" filename="Contracts/HealthResponse.cs" line-rate="1" branch-rate="1" complexity="6">
          <methods>
            <method name="get_Status" signature="()" line-rate="1" branch-rate="1" complexity="1">
              <lines>
                <line number="5" hits="21" branch="False" />
              </lines>
            </method>
            <method name="get_Service" signature="()" line-rate="1" branch-rate="1" complexity="1">
              <lines>
                <line number="7" hits="21" branch="False" />
              </lines>
            </method>
            <method name="get_UtcTime" signature="()" line-rate="1" branch-rate="1" complexity="1">
              <lines>
                <line number="9" hits="12" branch="False" />
              </lines>
            </method>
            <method name="get_Notes" signature="()" line-rate="1" branch-rate="1" complexity="1">
              <lines>
                <line number="11" hits="23" branch="False" />
              </lines>
            </method>
            <method name="get_IsIngested" signature="()" line-rate="1" branch-rate="1" complexity="1">
              <lines>
                <line number="13" hits="12" branch="False" />
              </lines>
            </method>
            <method name="get_RecordCount" signature="()" line-rate="1" branch-rate="1" complexity="1">
              <lines>
                <line number="15" hits="12" branch="False" />
              </lines>
            </method>
          </methods>
          <lines>
            <line number="5" hits="21" branch="False" />
            <line number="7" hits="21" branch="False" />
            <line number="9" hits="12" branch="False" />
            <line number="11" hits="23" branch="False" />
            <line number="13" hits="12" branch="False" />
            <line number="15" hits="12" branch="False" />
          </lines>
        </class>
        <class name="Api.Contracts.IngestRequest" filename="Contracts/IngestRequest.cs" line-rate="0" branch-rate="1" complexity="1">
          <methods>
            <method name="get_ForceReingest" signature="()" line-rate="0" branch-rate="1" complexity="1">
              <lines>
                <line number="5" hits="0" branch="False" />
              </lines>
            </method>
          </methods>
          <lines>
            <line number="5" hits="0" branch="False" />
          </lines>
        </class>
        <class name="Api.Contracts.IngestResponse" filename="Contracts/IngestResponse.cs" line-rate="1" branch-rate="1" complexity="7">
          <methods>
            <method name="get_Accepted" signature="()" line-rate="1" branch-rate="1" complexity="1">
              <lines>
                <line number="5" hits="7" branch="False" />
              </lines>
            </method>
            <method name="get_Message" signature="()" line-rate="1" branch-rate="1" complexity="1">
              <lines>
                <line number="7" hits="10" branch="False" />
              </lines>
            </method>
            <method name="get_SourcePath" signature="()" line-rate="1" branch-rate="1" complexity="1">
              <lines>
                <line number="9" hits="10" branch="False" />
              </lines>
            </method>
            <method name="get_ChunksCreated" signature="()" line-rate="1" branch-rate="1" complexity="1">
              <lines>
                <line number="11" hits="6" branch="False" />
              </lines>
            </method>
            <method name="get_RecordsPersisted" signature="()" line-rate="1" branch-rate="1" complexity="1">
              <lines>
                <line number="13" hits="6" branch="False" />
              </lines>
            </method>
            <method name="get_VectorStorePath" signature="()" line-rate="1" branch-rate="1" complexity="1">
              <lines>
                <line number="15" hits="10" branch="False" />
              </lines>
            </method>
            <method name="get_IsPlaceholder" signature="()" line-rate="1" branch-rate="1" complexity="1">
              <lines>
                <line number="17" hits="6" branch="False" />
              </lines>
            </method>
          </methods>
          <lines>
            <line number="5" hits="7" branch="False" />
            <line number="7" hits="10" branch="False" />
            <line number="9" hits="10" branch="False" />
            <line number="11" hits="6" branch="False" />
            <line number="13" hits="6" branch="False" />
            <line number="15" hits="10" branch="False" />
            <line number="17" hits="6" branch="False" />
          </lines>
        </class>
      </classes>
    </package>
  </packages>
</coverage>